<?xml version="1.0" encoding="UTF-8"?>
<!-- Generated by org.testng.reporters.JUnitXMLReporter -->
<testsuite hostname="GI-DT-NOC11" name="Default test" tests="9" failures="0" timestamp="10 Mar 2020 12:40:23 GMT" time="37.038" errors="0">
  <testcase name="Icon" time="2.045" classname="ProjectFlight.Goibibo_International_Flight.Goibibo_International_Flight_vertical"/>
  <testcase name="Source" time="0.976" classname="ProjectFlight.Goibibo_International_Flight.Goibibo_International_Flight_vertical"/>
  <testcase name="Destination" time="0.651" classname="ProjectFlight.Goibibo_International_Flight.Goibibo_International_Flight_vertical"/>
  <testcase name="journy_date" time="0.327" classname="ProjectFlight.Goibibo_International_Flight.Goibibo_International_Flight_vertical"/>
  <testcase name="search_button" time="0.383" classname="ProjectFlight.Goibibo_International_Flight.Goibibo_International_Flight_vertical"/>
  <testcase name="book_flight" time="6.608" classname="ProjectFlight.Goibibo_International_Flight.Goibibo_International_Flight_vertical"/>
  <testcase name="insurance_selection" time="1.249" classname="ProjectFlight.Goibibo_International_Flight.Goibibo_International_Flight_vertical"/>
  <testcase name="traveller_details" time="1.083" classname="ProjectFlight.Goibibo_International_Flight.Goibibo_International_Flight_vertical"/>
  <testcase name="Proceed_to_payment" time="6.525" classname="ProjectFlight.Goibibo_International_Flight.Goibibo_International_Flight_vertical"/>
</testsuite> <!-- Default test -->
