<?xml version="1.0" encoding="UTF-8"?>
<!-- Generated by org.testng.reporters.JUnitXMLReporter -->
<testsuite hostname="GI-DT-NOC11" name="Default test" tests="10" failures="0" timestamp="11 Mar 2020 11:44:50 GMT" time="49.492" errors="0">
  <testcase name="Icon" time="3.195" classname="ProjectFlight.Goibibo_International_Flight.Goibibo_International_Flight_vertical"/>
  <testcase name="Source" time="1.025" classname="ProjectFlight.Goibibo_International_Flight.Goibibo_International_Flight_vertical"/>
  <testcase name="Destination" time="0.465" classname="ProjectFlight.Goibibo_International_Flight.Goibibo_International_Flight_vertical"/>
  <testcase name="journy_date" time="0.294" classname="ProjectFlight.Goibibo_International_Flight.Goibibo_International_Flight_vertical"/>
  <testcase name="search_button" time="1.097" classname="ProjectFlight.Goibibo_International_Flight.Goibibo_International_Flight_vertical"/>
  <testcase name="airlines_selction" time="7.869" classname="ProjectFlight.Goibibo_International_Flight.Goibibo_International_Flight_vertical"/>
  <testcase name="book_flight" time="2.093" classname="ProjectFlight.Goibibo_International_Flight.Goibibo_International_Flight_vertical"/>
  <testcase name="insurance_selection" time="1.28" classname="ProjectFlight.Goibibo_International_Flight.Goibibo_International_Flight_vertical"/>
  <testcase name="traveller_details" time="0.849" classname="ProjectFlight.Goibibo_International_Flight.Goibibo_International_Flight_vertical"/>
  <testcase name="Proceed_to_payment" time="13.499" classname="ProjectFlight.Goibibo_International_Flight.Goibibo_International_Flight_vertical"/>
</testsuite> <!-- Default test -->
